{"/Users/elsetiyawan/4_binar/binar-fsw-wave-23/cp11/testing/utils.js": {"path":"/Users/elsetiyawan/4_binar/binar-fsw-wave-23/cp11/testing/utils.js","statementMap":{"0":{"start":{"line":3,"column":4},"end":{"line":3,"column":26}},"1":{"start":{"line":4,"column":4},"end":{"line":8,"column":5}},"2":{"start":{"line":5,"column":6},"end":{"line":5,"column":28}},"3":{"start":{"line":7,"column":6},"end":{"line":7,"column":19}},"4":{"start":{"line":12,"column":0},"end":{"line":12,"column":29}}},"fnMap":{"0":{"name":"(anonymous_0)","decl":{"start":{"line":2,"column":2},"end":{"line":2,"column":3}},"loc":{"start":{"line":2,"column":12},"end":{"line":9,"column":3}},"line":2}},"branchMap":{"0":{"loc":{"start":{"line":4,"column":4},"end":{"line":8,"column":5}},"type":"if","locations":[{"start":{"line":4,"column":4},"end":{"line":8,"column":5}},{"start":{"line":6,"column":11},"end":{"line":8,"column":5}}],"line":4},"1":{"loc":{"start":{"line":4,"column":8},"end":{"line":4,"column":52}},"type":"binary-expr","locations":[{"start":{"line":4,"column":8},"end":{"line":4,"column":28}},{"start":{"line":4,"column":32},"end":{"line":4,"column":52}}],"line":4}},"s":{"0":2,"1":2,"2":1,"3":1,"4":1},"f":{"0":2},"b":{"0":[1,1],"1":[2,1]},"_coverageSchema":"1a1c01bbd47fc00a2c39e90264f33305004495a9","hash":"d6d2b643105f8e39645ca769aadbaed76c263ea0"}
}
